<?xml version="1.0" encoding="UTF-8" standalone="no"?>
<!DOCTYPE log SYSTEM "logger.dtd">
<log>
<record>
  <date>2022-05-13T20:56:33.832217Z</date>
  <millis>1652475393832</millis>
  <nanos>217000</nanos>
  <sequence>108</sequence>
  <logger>letterboxed</logger>
  <level>FINE</level>
  <class>com.example.letterboxed.services.GameService</class>
  <method>joinGame</method>
  <thread>264</thread>
  <message>player fmaryam joined game 285086442 successfully</message>
</record>
</log>
<?xml version="1.0" encoding="UTF-8" standalone="no"?>
<!DOCTYPE log SYSTEM "logger.dtd">
<log>
<record>
  <date>2022-05-14T03:04:34.566857Z</date>
  <millis>1652497474566</millis>
  <nanos>857000</nanos>
  <sequence>26</sequence>
  <logger>letterboxed</logger>
  <level>FINE</level>
  <class>com.example.letterboxed.services.GameService</class>
  <method>joinGame</method>
  <thread>73</thread>
  <message>player yfatima joined game 2039306520 successfully</message>
</record>
</log>
<?xml version="1.0" encoding="UTF-8" standalone="no"?>
<!DOCTYPE log SYSTEM "logger.dtd">
<log>
<record>
  <date>2022-05-14T03:21:00.745416Z</date>
  <millis>1652498460745</millis>
  <nanos>416000</nanos>
  <sequence>30</sequence>
  <logger>letterboxed</logger>
  <level>FINE</level>
  <class>com.example.letterboxed.services.GameService</class>
  <method>joinGame</method>
  <thread>85</thread>
  <message>player yfatima joined game 1387078421 successfully</message>
</record>
</log>
