<?xml version="1.0" encoding="UTF-8" standalone="no"?>
<!DOCTYPE log SYSTEM "logger.dtd">
<log>
</log>
<?xml version="1.0" encoding="UTF-8" standalone="no"?>
<!DOCTYPE log SYSTEM "logger.dtd">
<log>
<record>
  <date>2022-05-14T03:25:04.542683Z</date>
  <millis>1652498704542</millis>
  <nanos>683000</nanos>
  <sequence>373</sequence>
  <logger>letterboxed</logger>
  <level>FINE</level>
  <class>com.example.letterboxed.services.GameLogic</class>
  <method>valid_move</method>
  <thread>828</thread>
  <message>word is valid</message>
</record>
</log>
