<?xml version="1.0" encoding="UTF-8" standalone="no"?>
<!DOCTYPE log SYSTEM "logger.dtd">
<log>
<record>
  <date>2022-05-13T20:58:00.617565Z</date>
  <millis>1652475480617</millis>
  <nanos>565000</nanos>
  <sequence>137</sequence>
  <logger>letterboxed</logger>
  <level>FINE</level>
  <class>com.example.letterboxed.services.GameLogic</class>
  <method>winnerFound</method>
  <thread>329</thread>
  <message>player fmaryam won</message>
</record>
<record>
  <date>2022-05-13T20:58:00.617850Z</date>
  <millis>1652475480617</millis>
  <nanos>850000</nanos>
  <sequence>138</sequence>
  <logger>letterboxed</logger>
  <level>FINE</level>
  <class>com.example.letterboxed.services.GameLogic</class>
  <method>winnerFound</method>
  <thread>329</thread>
  <message>player fmaryam hasn't won yet</message>
</record>
</log>
